<?xml version="1.0" encoding="UTF-8"?>
<testng-results skipped="0" failed="0" ignored="0" total="1" passed="1">
  <reporter-output>
  </reporter-output>
  <suite name="Default suite" duration-ms="34213" started-at="2019-11-08T10:50:00Z" finished-at="2019-11-08T10:50:34Z">
    <groups>
    </groups>
    <test name="Default test" duration-ms="34213" started-at="2019-11-08T10:50:00Z" finished-at="2019-11-08T10:50:34Z">
      <class name="com.training.sanity.tests.ELTC_075_MultipleCourseandCategory">
        <test-method status="PASS" signature="setUpBeforeClass()[pri:0, instance:com.training.sanity.tests.ELTC_075_MultipleCourseandCategory@457e2f02]" name="setUpBeforeClass" is-config="true" duration-ms="23" started-at="2019-11-08T16:20:00Z" finished-at="2019-11-08T16:20:00Z">
          <reporter-output>
          </reporter-output>
        </test-method> <!-- setUpBeforeClass -->
        <test-method status="PASS" signature="setUp()[pri:0, instance:com.training.sanity.tests.ELTC_075_MultipleCourseandCategory@457e2f02]" name="setUp" is-config="true" duration-ms="26575" started-at="2019-11-08T16:20:00Z" finished-at="2019-11-08T16:20:27Z">
          <reporter-output>
          </reporter-output>
        </test-method> <!-- setUp -->
        <test-method status="PASS" signature="validLoginTest()[pri:0, instance:com.training.sanity.tests.ELTC_075_MultipleCourseandCategory@457e2f02]" name="validLoginTest" duration-ms="7582" started-at="2019-11-08T16:20:27Z" finished-at="2019-11-08T16:20:34Z">
          <reporter-output>
          </reporter-output>
        </test-method> <!-- validLoginTest -->
        <test-method status="FAIL" signature="createMultipleCategoryCourseTest()[pri:0, instance:com.training.sanity.tests.ELTC_075_MultipleCourseandCategory@457e2f02]" name="createMultipleCategoryCourseTest" is-config="true" duration-ms="5" started-at="2019-11-08T16:20:34Z" finished-at="2019-11-08T16:20:34Z">
          <exception class="java.lang.NullPointerException">
            <full-stacktrace>
              <![CDATA[java.lang.NullPointerException
	at com.training.sanity.tests.ELTC_075_MultipleCourseandCategory.createMultipleCategoryCourseTest(ELTC_075_MultipleCourseandCategory.java:70)
	at sun.reflect.NativeMethodAccessorImpl.invoke0(Native Method)
	at sun.reflect.NativeMethodAccessorImpl.invoke(Unknown Source)
	at sun.reflect.DelegatingMethodAccessorImpl.invoke(Unknown Source)
	at java.lang.reflect.Method.invoke(Unknown Source)
	at org.testng.internal.MethodInvocationHelper.invokeMethod(MethodInvocationHelper.java:108)
	at org.testng.internal.Invoker.invokeConfigurationMethod(Invoker.java:523)
	at org.testng.internal.Invoker.invokeConfigurations(Invoker.java:224)
	at org.testng.internal.Invoker.invokeMethod(Invoker.java:723)
	at org.testng.internal.Invoker.invokeTestMethod(Invoker.java:869)
	at org.testng.internal.Invoker.invokeTestMethods(Invoker.java:1193)
	at org.testng.internal.TestMethodWorker.invokeTestMethods(TestMethodWorker.java:126)
	at org.testng.internal.TestMethodWorker.run(TestMethodWorker.java:109)
	at org.testng.TestRunner.privateRun(TestRunner.java:744)
	at org.testng.TestRunner.run(TestRunner.java:602)
	at org.testng.SuiteRunner.runTest(SuiteRunner.java:380)
	at org.testng.SuiteRunner.runSequentially(SuiteRunner.java:375)
	at org.testng.SuiteRunner.privateRun(SuiteRunner.java:340)
	at org.testng.SuiteRunner.run(SuiteRunner.java:289)
	at org.testng.SuiteRunnerWorker.runSuite(SuiteRunnerWorker.java:52)
	at org.testng.SuiteRunnerWorker.run(SuiteRunnerWorker.java:86)
	at org.testng.TestNG.runSuitesSequentially(TestNG.java:1301)
	at org.testng.TestNG.runSuitesLocally(TestNG.java:1226)
	at org.testng.TestNG.runSuites(TestNG.java:1144)
	at org.testng.TestNG.run(TestNG.java:1115)
	at org.testng.remote.AbstractRemoteTestNG.run(AbstractRemoteTestNG.java:132)
	at org.testng.remote.RemoteTestNG.initAndRun(RemoteTestNG.java:236)
	at org.testng.remote.RemoteTestNG.main(RemoteTestNG.java:81)
]]>
            </full-stacktrace>
          </exception> <!-- java.lang.NullPointerException -->
          <reporter-output>
          </reporter-output>
        </test-method> <!-- createMultipleCategoryCourseTest -->
      </class> <!-- com.training.sanity.tests.ELTC_075_MultipleCourseandCategory -->
    </test> <!-- Default test -->
  </suite> <!-- Default suite -->
</testng-results>
